  bg.cpp
  bonus.cpp
  bonus_count.cpp
  bonus_logo.cpp
  camera.cpp
  chara.cpp
  checkpoint_logo.cpp
  debugproc.cpp
  fade.cpp
  fall.cpp
  fall_count.cpp
  fall_logo.cpp
  game.cpp
  gamepad.cpp
  gamesetlogo.cpp
  input.cpp
  light.cpp
  main.cpp
  manager.cpp
  match_result.cpp
  コンパイル中...
  mode.cpp
  number.cpp
  pause.cpp
  pause_base.cpp
  pause_bg.cpp
  pause_select.cpp
  polygon.cpp
  ranking.cpp
  ranking_logo.cpp
  ranking_rank.cpp
  ranking_score.cpp
  ranking_select.cpp
  renderer.cpp
  result.cpp
  result_bonuscount.cpp
  result_fallcount.cpp
  result_picture.cpp
  result_score.cpp
  result_score_extra.cpp
  result_timer.cpp
  コンパイル中...
  scene.cpp
  scene2D.cpp
  score.cpp
  select.cpp
  sign.cpp
  sound.cpp
  stand_by.cpp
  start_cntdown.cpp
  textdata.cpp
  textdata_pause.cpp
  textdata_ranking.cpp
  textdata_rankingselect.cpp
  textdata_system.cpp
  textdata_texture.cpp
  texture.cpp
  timer.cpp
  timeralert_logo.cpp
  timer_count.cpp
  timer_logo.cpp
  title.cpp
  コンパイル中...
  title_enter.cpp
  title_logo.cpp
  tutorial.cpp
  tutorial_page.cpp
  ui.cpp
  ui_base.cpp
  コード生成しています。
  All 642 functions were compiled because no usable IPDB/IOBJ from previous compilation was found.
  コード生成が終了しました。
  HGSWinter2021.vcxproj -> C:\Users\student\Documents\Visual Studio 2015\Projects\HGSWinter2021\HGSWinter2021.exe
  HGSWinter2021.vcxproj -> C:\Users\student\Documents\Visual Studio 2015\Projects\HGSWinter2021\HGSWinter2021.pdb (Full PDB)
